This is XeTeX, Version 3.14159265-2.6-0.999991 (MiKTeX 2.9.7000 64-bit) (preloaded format=xelatex 2019.7.25)  30 AUG 2019 17:41
entering extended mode
**./Report.tex
(Report.tex
LaTeX2e <2018-12-01>
(C:\RStudio\resources\MikTex\tex/latex/base\article.cls
Document Class: article 2018/09/03 v1.4i Standard LaTeX document class
(C:\RStudio\resources\MikTex\tex/latex/base\size10.clo
File: size10.clo 2018/09/03 v1.4i Standard LaTeX file (size option)
)
\c@part=\count80
\c@section=\count81
\c@subsection=\count82
\c@subsubsection=\count83
\c@paragraph=\count84
\c@subparagraph=\count85
\c@figure=\count86
\c@table=\count87
\abovecaptionskip=\skip41
\belowcaptionskip=\skip42
\bibindent=\dimen102
) (C:\RStudio\resources\MikTex\tex/latex/lm\lmodern.sty
Package: lmodern 2009/10/30 v1.6 Latin Modern Fonts
LaTeX Font Info:    Overwriting symbol font `operators' in version `normal'
(Font)                  OT1/cmr/m/n --> OT1/lmr/m/n on input line 22.
LaTeX Font Info:    Overwriting symbol font `letters' in version `normal'
(Font)                  OML/cmm/m/it --> OML/lmm/m/it on input line 23.
LaTeX Font Info:    Overwriting symbol font `symbols' in version `normal'
(Font)                  OMS/cmsy/m/n --> OMS/lmsy/m/n on input line 24.
LaTeX Font Info:    Overwriting symbol font `largesymbols' in version `normal'
(Font)                  OMX/cmex/m/n --> OMX/lmex/m/n on input line 25.
LaTeX Font Info:    Overwriting symbol font `operators' in version `bold'
(Font)                  OT1/cmr/bx/n --> OT1/lmr/bx/n on input line 26.
LaTeX Font Info:    Overwriting symbol font `letters' in version `bold'
(Font)                  OML/cmm/b/it --> OML/lmm/b/it on input line 27.
LaTeX Font Info:    Overwriting symbol font `symbols' in version `bold'
(Font)                  OMS/cmsy/b/n --> OMS/lmsy/b/n on input line 28.
LaTeX Font Info:    Overwriting symbol font `largesymbols' in version `bold'
(Font)                  OMX/cmex/m/n --> OMX/lmex/m/n on input line 29.
LaTeX Font Info:    Overwriting math alphabet `\mathbf' in version `normal'
(Font)                  OT1/cmr/bx/n --> OT1/lmr/bx/n on input line 31.
LaTeX Font Info:    Overwriting math alphabet `\mathsf' in version `normal'
(Font)                  OT1/cmss/m/n --> OT1/lmss/m/n on input line 32.
LaTeX Font Info:    Overwriting math alphabet `\mathit' in version `normal'
(Font)                  OT1/cmr/m/it --> OT1/lmr/m/it on input line 33.
LaTeX Font Info:    Overwriting math alphabet `\mathtt' in version `normal'
(Font)                  OT1/cmtt/m/n --> OT1/lmtt/m/n on input line 34.
LaTeX Font Info:    Overwriting math alphabet `\mathbf' in version `bold'
(Font)                  OT1/cmr/bx/n --> OT1/lmr/bx/n on input line 35.
LaTeX Font Info:    Overwriting math alphabet `\mathsf' in version `bold'
(Font)                  OT1/cmss/bx/n --> OT1/lmss/bx/n on input line 36.
LaTeX Font Info:    Overwriting math alphabet `\mathit' in version `bold'
(Font)                  OT1/cmr/bx/it --> OT1/lmr/bx/it on input line 37.
LaTeX Font Info:    Overwriting math alphabet `\mathtt' in version `bold'
(Font)                  OT1/cmtt/m/n --> OT1/lmtt/m/n on input line 38.
) (C:\RStudio\resources\MikTex\tex/latex/amsfonts\amssymb.sty
Package: amssymb 2013/01/14 v3.01 AMS font symbols
(C:\RStudio\resources\MikTex\tex/latex/amsfonts\amsfonts.sty
Package: amsfonts 2013/01/14 v3.01 Basic AMSFonts support
\@emptytoks=\toks14
\symAMSa=\mathgroup4
\symAMSb=\mathgroup5
LaTeX Font Info:    Overwriting math alphabet `\mathfrak' in version `bold'
(Font)                  U/euf/m/n --> U/euf/b/n on input line 106.
)) (C:\RStudio\resources\MikTex\tex/latex/amsmath\amsmath.sty
Package: amsmath 2018/12/01 v2.17b AMS math features
\@mathmargin=\skip43
For additional information on amsmath, use the `?' option.
(C:\RStudio\resources\MikTex\tex/latex/amsmath\amstext.sty
Package: amstext 2000/06/29 v2.01 AMS text
(C:\RStudio\resources\MikTex\tex/latex/amsmath\amsgen.sty
File: amsgen.sty 1999/11/30 v2.0 generic functions
\@emptytoks=\toks15
\ex@=\dimen103
)) (C:\RStudio\resources\MikTex\tex/latex/amsmath\amsbsy.sty
Package: amsbsy 1999/11/29 v1.2d Bold Symbols
\pmbraise@=\dimen104
) (C:\RStudio\resources\MikTex\tex/latex/amsmath\amsopn.sty
Package: amsopn 2016/03/08 v2.02 operator names
)
\inf@bad=\count88
LaTeX Info: Redefining \frac on input line 223.
\uproot@=\count89
\leftroot@=\count90
LaTeX Info: Redefining \overline on input line 385.
\classnum@=\count91
\DOTSCASE@=\count92
LaTeX Info: Redefining \ldots on input line 482.
LaTeX Info: Redefining \dots on input line 485.
LaTeX Info: Redefining \cdots on input line 606.
\Mathstrutbox@=\box27
\strutbox@=\box28
\big@size=\dimen105
LaTeX Font Info:    Redeclaring font encoding OML on input line 729.
LaTeX Font Info:    Redeclaring font encoding OMS on input line 730.
\macc@depth=\count93
\c@MaxMatrixCols=\count94
\dotsspace@=\muskip10
\c@parentequation=\count95
\dspbrk@lvl=\count96
\tag@help=\toks16
\row@=\count97
\column@=\count98
\maxfields@=\count99
\andhelp@=\toks17
\eqnshift@=\dimen106
\alignsep@=\dimen107
\tagshift@=\dimen108
\tagwidth@=\dimen109
\totwidth@=\dimen110
\lineht@=\dimen111
\@envbody=\toks18
\multlinegap=\skip44
\multlinetaggap=\skip45
\mathdisplay@stack=\toks19
LaTeX Info: Redefining \[ on input line 2844.
LaTeX Info: Redefining \] on input line 2845.
) (C:\RStudio\resources\MikTex\tex/generic/ifxetex\ifxetex.sty
Package: ifxetex 2010/09/12 v0.6 Provides ifxetex conditional
) (C:\RStudio\resources\MikTex\tex/generic/oberdiek\ifluatex.sty
Package: ifluatex 2016/05/16 v1.4 Provides the ifluatex switch (HO)
Package ifluatex Info: LuaTeX not detected.
) (C:\RStudio\resources\MikTex\tex/latex/base\fixltx2e.sty
Package: fixltx2e 2016/12/29 v2.1a fixes to LaTeX (obsolete)
Applying: [2015/01/01] Old fixltx2e package on input line 46.

Package fixltx2e Warning: fixltx2e is not required with releases after 2015
(fixltx2e)                All fixes are now in the LaTeX kernel.
(fixltx2e)                See the latexrelease package for details.

Already applied: [0000/00/00] Old fixltx2e package on input line 53.
) (C:\RStudio\resources\MikTex\tex/xelatex/mathspec\mathspec.sty
Package: mathspec 2016/12/22 v0.2b LaTeX Package (Mathematics font selection fo
r XeLaTeX)
(C:\RStudio\resources\MikTex\tex/latex/etoolbox\etoolbox.sty
Package: etoolbox 2018/08/19 v2.5f e-TeX tools for LaTeX (JAW)
\etb@tempcnta=\count100
) (C:\RStudio\resources\MikTex\tex/latex/fontspec\fontspec.sty (C:\RStudio\reso
urces\MikTex\tex/latex/l3packages/xparse\xparse.sty (C:\RStudio\resources\MikTe
x\tex/latex/l3kernel\expl3.sty
Package: expl3 2019-04-21 L3 programming layer (loader) 
(C:\RStudio\resources\MikTex\tex/latex/l3kernel\expl3-code.tex
Package: expl3 2019-04-21 L3 programming layer (code)
\c_max_int=\count101
\l_tmpa_int=\count102
\l_tmpb_int=\count103
\g_tmpa_int=\count104
\g_tmpb_int=\count105
\g__kernel_prg_map_int=\count106
\c__ior_term_ior=\count107
\c_log_iow=\count108
\l_iow_line_count_int=\count109
\l__iow_line_target_int=\count110
\l__iow_one_indent_int=\count111
\l__iow_indent_int=\count112
\c_zero_dim=\dimen112
\c_max_dim=\dimen113
\l_tmpa_dim=\dimen114
\l_tmpb_dim=\dimen115
\g_tmpa_dim=\dimen116
\g_tmpb_dim=\dimen117
\c_zero_skip=\skip46
\c_max_skip=\skip47
\l_tmpa_skip=\skip48
\l_tmpb_skip=\skip49
\g_tmpa_skip=\skip50
\g_tmpb_skip=\skip51
\c_zero_muskip=\muskip11
\c_max_muskip=\muskip12
\l_tmpa_muskip=\muskip13
\l_tmpb_muskip=\muskip14
\g_tmpa_muskip=\muskip15
\g_tmpb_muskip=\muskip16
\l_keys_choice_int=\count113
\l__intarray_loop_int=\count114
\c__intarray_sp_dim=\dimen118
\g__intarray_font_int=\count115
\c__fp_leading_shift_int=\count116
\c__fp_middle_shift_int=\count117
\c__fp_trailing_shift_int=\count118
\c__fp_big_leading_shift_int=\count119
\c__fp_big_middle_shift_int=\count120
\c__fp_big_trailing_shift_int=\count121
\c__fp_Bigg_leading_shift_int=\count122
\c__fp_Bigg_middle_shift_int=\count123
\c__fp_Bigg_trailing_shift_int=\count124
\g__fp_array_int=\count125
\l__fp_array_loop_int=\count126
\l__sort_length_int=\count127
\l__sort_min_int=\count128
\l__sort_top_int=\count129
\l__sort_max_int=\count130
\l__sort_true_max_int=\count131
\l__sort_block_int=\count132
\l__sort_begin_int=\count133
\l__sort_end_int=\count134
\l__sort_A_int=\count135
\l__sort_B_int=\count136
\l__sort_C_int=\count137
\l__tl_analysis_normal_int=\count138
\l__tl_analysis_index_int=\count139
\l__tl_analysis_nesting_int=\count140
\l__tl_analysis_type_int=\count141
\l__regex_internal_a_int=\count142
\l__regex_internal_b_int=\count143
\l__regex_internal_c_int=\count144
\l__regex_balance_int=\count145
\l__regex_group_level_int=\count146
\l__regex_mode_int=\count147
\c__regex_cs_in_class_mode_int=\count148
\c__regex_cs_mode_int=\count149
\l__regex_catcodes_int=\count150
\l__regex_default_catcodes_int=\count151
\c__regex_catcode_L_int=\count152
\c__regex_catcode_O_int=\count153
\c__regex_catcode_A_int=\count154
\c__regex_all_catcodes_int=\count155
\l__regex_show_lines_int=\count156
\l__regex_min_state_int=\count157
\l__regex_max_state_int=\count158
\l__regex_left_state_int=\count159
\l__regex_right_state_int=\count160
\l__regex_capturing_group_int=\count161
\l__regex_min_pos_int=\count162
\l__regex_max_pos_int=\count163
\l__regex_curr_pos_int=\count164
\l__regex_start_pos_int=\count165
\l__regex_success_pos_int=\count166
\l__regex_curr_char_int=\count167
\l__regex_curr_catcode_int=\count168
\l__regex_last_char_int=\count169
\l__regex_case_changed_char_int=\count170
\l__regex_curr_state_int=\count171
\l__regex_step_int=\count172
\l__regex_min_active_int=\count173
\l__regex_max_active_int=\count174
\l__regex_replacement_csnames_int=\count175
\l__regex_match_count_int=\count176
\l__regex_min_submatch_int=\count177
\l__regex_submatch_int=\count178
\l__regex_zeroth_submatch_int=\count179
\g__regex_trace_regex_int=\count180
\c_empty_box=\box29
\l_tmpa_box=\box30
\l_tmpb_box=\box31
\g_tmpa_box=\box32
\g_tmpb_box=\box33
\l__box_top_dim=\dimen119
\l__box_bottom_dim=\dimen120
\l__box_left_dim=\dimen121
\l__box_right_dim=\dimen122
\l__box_top_new_dim=\dimen123
\l__box_bottom_new_dim=\dimen124
\l__box_left_new_dim=\dimen125
\l__box_right_new_dim=\dimen126
\l__box_internal_box=\box34
\l__coffin_internal_box=\box35
\l__coffin_internal_dim=\dimen127
\l__coffin_offset_x_dim=\dimen128
\l__coffin_offset_y_dim=\dimen129
\l__coffin_x_dim=\dimen130
\l__coffin_y_dim=\dimen131
\l__coffin_x_prime_dim=\dimen132
\l__coffin_y_prime_dim=\dimen133
\c_empty_coffin=\box36
\l__coffin_aligned_coffin=\box37
\l__coffin_aligned_internal_coffin=\box38
\l_tmpa_coffin=\box39
\l_tmpb_coffin=\box40
\g_tmpa_coffin=\box41
\g_tmpb_coffin=\box42
\l__coffin_bounding_shift_dim=\dimen134
\l__coffin_left_corner_dim=\dimen135
\l__coffin_right_corner_dim=\dimen136
\l__coffin_bottom_corner_dim=\dimen137
\l__coffin_top_corner_dim=\dimen138
\l__coffin_scaled_total_height_dim=\dimen139
\l__coffin_scaled_width_dim=\dimen140
\c__coffin_empty_coffin=\box43
\l__coffin_display_coffin=\box44
\l__coffin_display_coord_coffin=\box45
\l__coffin_display_pole_coffin=\box46
\l__coffin_display_offset_dim=\dimen141
\l__coffin_display_x_dim=\dimen142
\l__coffin_display_y_dim=\dimen143
\g__file_internal_ior=\read1
\l__seq_internal_a_int=\count181
\l__seq_internal_b_int=\count182
\c__deprecation_minus_one=\count183
) (C:\RStudio\resources\MikTex\tex/latex/l3kernel\l3xdvipdfmx.def
File: l3xdvipdfmx.def 2019-04-06 v L3 Experimental driver: xdvipdfmx
\g__driver_image_int=\count184
\g__driver_pdf_object_int=\count185
\g__driver_pdf_annotation_int=\count186
))
Package: xparse 2019-03-05 L3 Experimental document command parser
\l__xparse_current_arg_int=\count187
\g__xparse_grabber_int=\count188
\l__xparse_m_args_int=\count189
\l__xparse_v_nesting_int=\count190
)
Package: fontspec 2019/03/15 v2.7c Font selection for XeLaTeX and LuaLaTeX
(C:\RStudio\resources\MikTex\tex/latex/fontspec\fontspec-xetex.sty
Package: fontspec-xetex 2019/03/15 v2.7c Font selection for XeLaTeX and LuaLaTe
X
\l__fontspec_script_int=\count191
\l__fontspec_language_int=\count192
\l__fontspec_strnum_int=\count193
\l__fontspec_tmp_int=\count194
\l__fontspec_tmpa_int=\count195
\l__fontspec_tmpb_int=\count196
\l__fontspec_tmpc_int=\count197
\l__fontspec_em_int=\count198
\l__fontspec_emdef_int=\count199
\l__fontspec_strong_int=\count266
\l__fontspec_strongdef_int=\count267
\l__fontspec_tmpa_dim=\dimen144
\l__fontspec_tmpb_dim=\dimen145
\l__fontspec_tmpc_dim=\dimen146
(C:\RStudio\resources\MikTex\tex/latex/base\fontenc.sty
Package: fontenc 2018/08/11 v2.0j Standard LaTeX package
(C:\RStudio\resources\MikTex\tex/latex/base\tuenc.def
File: tuenc.def 2018/08/11 v2.0j Standard LaTeX file
LaTeX Font Info:    Redeclaring font encoding TU on input line 82.
)) (C:\RStudio\resources\MikTex\tex/latex/fontspec\fontspec.cfg)
LaTeX Info: Redefining \itshape on input line 4051.
LaTeX Info: Redefining \slshape on input line 4056.
LaTeX Info: Redefining \scshape on input line 4061.
LaTeX Info: Redefining \upshape on input line 4066.
LaTeX Info: Redefining \em on input line 4096.
LaTeX Info: Redefining \emph on input line 4121.
)) (C:\RStudio\resources\MikTex\tex/latex/xkeyval\xkeyval.sty
Package: xkeyval 2014/12/03 v2.7a package option processing (HA)
(C:\RStudio\resources\MikTex\tex/generic/xkeyval\xkeyval.tex (C:\RStudio\resour
ces\MikTex\tex/generic/xkeyval\xkvutils.tex
\XKV@toks=\toks20
\XKV@tempa@toks=\toks21
(C:\RStudio\resources\MikTex\tex/generic/xkeyval\keyval.tex))
\XKV@depth=\count268
File: xkeyval.tex 2014/12/03 v2.7a key=value parser (HA)
))
\c@eu@=\count269
\c@eu@i=\count270
\c@mkern=\count271
) (C:\RStudio\resources\MikTex\tex/latex/upquote\upquote.sty
Package: upquote 2012/04/19 v1.3 upright-quote and grave-accent glyphs in verba
tim
(C:\RStudio\resources\MikTex\tex/latex/base\textcomp.sty
Package: textcomp 2018/08/11 v2.0j Standard LaTeX package
Package textcomp Info: Sub-encoding information:
(textcomp)               5 = only ISO-Adobe without \textcurrency
(textcomp)               4 = 5 + \texteuro
(textcomp)               3 = 4 + \textohm
(textcomp)               2 = 3 + \textestimated + \textcurrency
(textcomp)               1 = TS1 - \textcircled - \t
(textcomp)               0 = TS1 (full)
(textcomp)             Font families with sub-encoding setting implement
(textcomp)             only a restricted character set as indicated.
(textcomp)             Family '?' is the default used for unknown fonts.
(textcomp)             See the documentation for details.
Package textcomp Info: Setting ? sub-encoding to TS1/1 on input line 79.
(C:\RStudio\resources\MikTex\tex/latex/base\ts1enc.def
File: ts1enc.def 2001/06/05 v3.0e (jk/car/fm) Standard LaTeX file
)
LaTeX Info: Redefining \oldstylenums on input line 334.
Package textcomp Info: Setting cmr sub-encoding to TS1/0 on input line 349.
Package textcomp Info: Setting cmss sub-encoding to TS1/0 on input line 350.
Package textcomp Info: Setting cmtt sub-encoding to TS1/0 on input line 351.
Package textcomp Info: Setting cmvtt sub-encoding to TS1/0 on input line 352.
Package textcomp Info: Setting cmbr sub-encoding to TS1/0 on input line 353.
Package textcomp Info: Setting cmtl sub-encoding to TS1/0 on input line 354.
Package textcomp Info: Setting ccr sub-encoding to TS1/0 on input line 355.
Package textcomp Info: Setting ptm sub-encoding to TS1/4 on input line 356.
Package textcomp Info: Setting pcr sub-encoding to TS1/4 on input line 357.
Package textcomp Info: Setting phv sub-encoding to TS1/4 on input line 358.
Package textcomp Info: Setting ppl sub-encoding to TS1/3 on input line 359.
Package textcomp Info: Setting pag sub-encoding to TS1/4 on input line 360.
Package textcomp Info: Setting pbk sub-encoding to TS1/4 on input line 361.
Package textcomp Info: Setting pnc sub-encoding to TS1/4 on input line 362.
Package textcomp Info: Setting pzc sub-encoding to TS1/4 on input line 363.
Package textcomp Info: Setting bch sub-encoding to TS1/4 on input line 364.
Package textcomp Info: Setting put sub-encoding to TS1/5 on input line 365.
Package textcomp Info: Setting uag sub-encoding to TS1/5 on input line 366.
Package textcomp Info: Setting ugq sub-encoding to TS1/5 on input line 367.
Package textcomp Info: Setting ul8 sub-encoding to TS1/4 on input line 368.
Package textcomp Info: Setting ul9 sub-encoding to TS1/4 on input line 369.
Package textcomp Info: Setting augie sub-encoding to TS1/5 on input line 370.
Package textcomp Info: Setting dayrom sub-encoding to TS1/3 on input line 371.
Package textcomp Info: Setting dayroms sub-encoding to TS1/3 on input line 372.

Package textcomp Info: Setting pxr sub-encoding to TS1/0 on input line 373.
Package textcomp Info: Setting pxss sub-encoding to TS1/0 on input line 374.
Package textcomp Info: Setting pxtt sub-encoding to TS1/0 on input line 375.
Package textcomp Info: Setting txr sub-encoding to TS1/0 on input line 376.
Package textcomp Info: Setting txss sub-encoding to TS1/0 on input line 377.
Package textcomp Info: Setting txtt sub-encoding to TS1/0 on input line 378.
Package textcomp Info: Setting lmr sub-encoding to TS1/0 on input line 379.
Package textcomp Info: Setting lmdh sub-encoding to TS1/0 on input line 380.
Package textcomp Info: Setting lmss sub-encoding to TS1/0 on input line 381.
Package textcomp Info: Setting lmssq sub-encoding to TS1/0 on input line 382.
Package textcomp Info: Setting lmvtt sub-encoding to TS1/0 on input line 383.
Package textcomp Info: Setting lmtt sub-encoding to TS1/0 on input line 384.
Package textcomp Info: Setting qhv sub-encoding to TS1/0 on input line 385.
Package textcomp Info: Setting qag sub-encoding to TS1/0 on input line 386.
Package textcomp Info: Setting qbk sub-encoding to TS1/0 on input line 387.
Package textcomp Info: Setting qcr sub-encoding to TS1/0 on input line 388.
Package textcomp Info: Setting qcs sub-encoding to TS1/0 on input line 389.
Package textcomp Info: Setting qpl sub-encoding to TS1/0 on input line 390.
Package textcomp Info: Setting qtm sub-encoding to TS1/0 on input line 391.
Package textcomp Info: Setting qzc sub-encoding to TS1/0 on input line 392.
Package textcomp Info: Setting qhvc sub-encoding to TS1/0 on input line 393.
Package textcomp Info: Setting futs sub-encoding to TS1/4 on input line 394.
Package textcomp Info: Setting futx sub-encoding to TS1/4 on input line 395.
Package textcomp Info: Setting futj sub-encoding to TS1/4 on input line 396.
Package textcomp Info: Setting hlh sub-encoding to TS1/3 on input line 397.
Package textcomp Info: Setting hls sub-encoding to TS1/3 on input line 398.
Package textcomp Info: Setting hlst sub-encoding to TS1/3 on input line 399.
Package textcomp Info: Setting hlct sub-encoding to TS1/5 on input line 400.
Package textcomp Info: Setting hlx sub-encoding to TS1/5 on input line 401.
Package textcomp Info: Setting hlce sub-encoding to TS1/5 on input line 402.
Package textcomp Info: Setting hlcn sub-encoding to TS1/5 on input line 403.
Package textcomp Info: Setting hlcw sub-encoding to TS1/5 on input line 404.
Package textcomp Info: Setting hlcf sub-encoding to TS1/5 on input line 405.
Package textcomp Info: Setting pplx sub-encoding to TS1/3 on input line 406.
Package textcomp Info: Setting pplj sub-encoding to TS1/3 on input line 407.
Package textcomp Info: Setting ptmx sub-encoding to TS1/4 on input line 408.
Package textcomp Info: Setting ptmj sub-encoding to TS1/4 on input line 409.
)) (C:\RStudio\resources\MikTex\tex/latex/microtype\microtype.sty
Package: microtype 2019/02/28 v2.7b Micro-typographical refinements (RS)
\MT@toks=\toks22
\MT@count=\count272
LaTeX Info: Redefining \textls on input line 790.
\MT@outer@kern=\dimen147
LaTeX Info: Redefining \textmicrotypecontext on input line 1336.
\MT@listname@count=\count273
(C:\RStudio\resources\MikTex\tex/latex/microtype\microtype-xetex.def
File: microtype-xetex.def 2019/02/28 v2.7b Definitions specific to xetex (RS)
LaTeX Info: Redefining \lsstyle on input line 258.
)
Package microtype Info: Loading configuration file microtype.cfg.
(C:\RStudio\resources\MikTex\tex/latex/microtype\microtype.cfg
File: microtype.cfg 2019/02/28 v2.7b microtype main configuration file (RS)
)) (C:\RStudio\resources\MikTex\tex/latex/geometry\geometry.sty
Package: geometry 2018/04/16 v5.8 Page Geometry
(C:\RStudio\resources\MikTex\tex/generic/oberdiek\ifpdf.sty
Package: ifpdf 2018/09/07 v3.3 Provides the ifpdf switch
) (C:\RStudio\resources\MikTex\tex/generic/oberdiek\ifvtex.sty
Package: ifvtex 2016/05/16 v1.6 Detect VTeX and its facilities (HO)
Package ifvtex Info: VTeX not detected.
)
\Gm@cnth=\count274
\Gm@cntv=\count275
\c@Gm@tempcnt=\count276
\Gm@bindingoffset=\dimen148
\Gm@wd@mp=\dimen149
\Gm@odd@mp=\dimen150
\Gm@even@mp=\dimen151
\Gm@layoutwidth=\dimen152
\Gm@layoutheight=\dimen153
\Gm@layouthoffset=\dimen154
\Gm@layoutvoffset=\dimen155
\Gm@dimlist=\toks23
(C:\RStudio\resources\MikTex\tex/xelatex/xetexconfig\geometry.cfg)) (C:\RStudio
\resources\MikTex\tex/latex/hyperref\hyperref.sty
Package: hyperref 2018/11/30 v6.88e Hypertext links for LaTeX
(C:\RStudio\resources\MikTex\tex/generic/oberdiek\hobsub-hyperref.sty
Package: hobsub-hyperref 2016/05/16 v1.14 Bundle oberdiek, subset hyperref (HO)

(C:\RStudio\resources\MikTex\tex/generic/oberdiek\hobsub-generic.sty
Package: hobsub-generic 2016/05/16 v1.14 Bundle oberdiek, subset generic (HO)
Package: hobsub 2016/05/16 v1.14 Construct package bundles (HO)
Package: infwarerr 2016/05/16 v1.4 Providing info/warning/error messages (HO)
Package: ltxcmds 2016/05/16 v1.23 LaTeX kernel commands for general use (HO)
Package hobsub Info: Skipping package `ifluatex' (already loaded).
Package hobsub Info: Skipping package `ifvtex' (already loaded).
Package: intcalc 2016/05/16 v1.2 Expandable calculations with integers (HO)
Package hobsub Info: Skipping package `ifpdf' (already loaded).
Package: etexcmds 2016/05/16 v1.6 Avoid name clashes with e-TeX commands (HO)
Package: kvsetkeys 2016/05/16 v1.17 Key value parser (HO)
Package: kvdefinekeys 2016/05/16 v1.4 Define keys (HO)
Package: pdftexcmds 2018/09/10 v0.29 Utility functions of pdfTeX for LuaTeX (HO
)
Package pdftexcmds Info: LuaTeX not detected.
Package pdftexcmds Info: pdfTeX >= 1.30 not detected.
Package pdftexcmds Info: \pdf@primitive is available.
Package pdftexcmds Info: \pdf@ifprimitive is available.
Package pdftexcmds Info: \pdfdraftmode not found.
Package: pdfescape 2016/05/16 v1.14 Implements pdfTeX's escape features (HO)
Package: bigintcalc 2016/05/16 v1.4 Expandable calculations on big integers (HO
)
Package: bitset 2016/05/16 v1.2 Handle bit-vector datatype (HO)
Package: uniquecounter 2016/05/16 v1.3 Provide unlimited unique counter (HO)
)
Package hobsub Info: Skipping package `hobsub' (already loaded).
Package: letltxmacro 2016/05/16 v1.5 Let assignment for LaTeX macros (HO)
Package: hopatch 2016/05/16 v1.3 Wrapper for package hooks (HO)
Package: xcolor-patch 2016/05/16 xcolor patch
Package: atveryend 2016/05/16 v1.9 Hooks at the very end of document (HO)
Package: atbegshi 2016/06/09 v1.18 At begin shipout hook (HO)
Package: refcount 2016/05/16 v3.5 Data extraction from label references (HO)
Package: hycolor 2016/05/16 v1.8 Color options for hyperref/bookmark (HO)
) (C:\RStudio\resources\MikTex\tex/latex/oberdiek\auxhook.sty
Package: auxhook 2016/05/16 v1.4 Hooks for auxiliary files (HO)
) (C:\RStudio\resources\MikTex\tex/latex/oberdiek\kvoptions.sty
Package: kvoptions 2016/05/16 v3.12 Key value format for package options (HO)
)
\@linkdim=\dimen156
\Hy@linkcounter=\count277
\Hy@pagecounter=\count278
(C:\RStudio\resources\MikTex\tex/latex/hyperref\pd1enc.def
File: pd1enc.def 2018/11/30 v6.88e Hyperref: PDFDocEncoding definition (HO)
)
\Hy@SavedSpaceFactor=\count279
(C:\RStudio\resources\MikTex\tex/latex/00miktex\hyperref.cfg
File: hyperref.cfg 2002/06/06 v1.2 hyperref configuration of TeXLive
)
Package hyperref Info: Hyper figures OFF on input line 4519.
Package hyperref Info: Link nesting OFF on input line 4524.
Package hyperref Info: Hyper index ON on input line 4527.
Package hyperref Info: Plain pages OFF on input line 4534.
Package hyperref Info: Backreferencing OFF on input line 4539.
Package hyperref Info: Implicit mode ON; LaTeX internals redefined.
Package hyperref Info: Bookmarks ON on input line 4772.
\c@Hy@tempcnt=\count280
(C:\RStudio\resources\MikTex\tex/latex/url\url.sty
\Urlmuskip=\muskip17
Package: url 2013/09/16  ver 3.4  Verb mode for urls, etc.
)
LaTeX Info: Redefining \url on input line 5125.
\XeTeXLinkMargin=\dimen157
\Fld@menulength=\count281
\Field@Width=\dimen158
\Fld@charsize=\dimen159
Package hyperref Info: Hyper figures OFF on input line 6380.
Package hyperref Info: Link nesting OFF on input line 6385.
Package hyperref Info: Hyper index ON on input line 6388.
Package hyperref Info: backreferencing OFF on input line 6395.
Package hyperref Info: Link coloring OFF on input line 6400.
Package hyperref Info: Link coloring with OCG OFF on input line 6405.
Package hyperref Info: PDF/A mode OFF on input line 6410.
LaTeX Info: Redefining \ref on input line 6450.
LaTeX Info: Redefining \pageref on input line 6454.
\Hy@abspage=\count282
\c@Item=\count283
\c@Hfootnote=\count284
)
Package hyperref Info: Driver (autodetected): hxetex.
(C:\RStudio\resources\MikTex\tex/latex/hyperref\hxetex.def
File: hxetex.def 2018/11/30 v6.88e Hyperref driver for XeTeX
(C:\RStudio\resources\MikTex\tex/latex/hyperref\puenc.def
File: puenc.def 2018/11/30 v6.88e Hyperref: PDF Unicode definition (HO)
) (C:\RStudio\resources\MikTex\tex/generic/oberdiek\stringenc.sty
Package: stringenc 2016/05/16 v1.11 Convert strings between diff. encodings (HO
)
)
\pdfm@box=\box47
\c@Hy@AnnotLevel=\count285
\HyField@AnnotCount=\count286
\Fld@listcount=\count287
\c@bookmark@seq@number=\count288
(C:\RStudio\resources\MikTex\tex/latex/oberdiek\rerunfilecheck.sty
Package: rerunfilecheck 2016/05/16 v1.8 Rerun checks for auxiliary files (HO)
Package uniquecounter Info: New unique counter `rerunfilecheck' on input line 2
82.
)
\Hy@SectionHShift=\skip52
)
Package hyperref Info: Option `unicode' set `true' on input line 30.
(C:\RStudio\resources\MikTex\tex/generic/oberdiek\se-ascii-print.def
File: se-ascii-print.def 2016/05/16 v1.11 stringenc: Printable ASCII characters

)
Package hyperref Info: Option `breaklinks' set `true' on input line 30.
(C:\RStudio\resources\MikTex\tex/latex/graphics\color.sty
Package: color 2016/07/10 v1.1e Standard LaTeX Color (DPC)
(C:\RStudio\resources\MikTex\tex/latex/graphics-cfg\color.cfg
File: color.cfg 2016/01/02 v1.6 sample color configuration
)
Package color Info: Driver file: xetex.def on input line 147.
(C:\RStudio\resources\MikTex\tex/latex/graphics-def\xetex.def
File: xetex.def 2017/06/24 v5.0h Graphics/color driver for xetex
)) (C:\RStudio\resources\MikTex\tex/latex/fancyvrb\fancyvrb.sty
Package: fancyvrb 2019/01/15
Style option: `fancyvrb' v3.2a <2019/01/15> (tvz)
\FV@CodeLineNo=\count289
\FV@InFile=\read2
\FV@TabBox=\box48
\c@FancyVerbLine=\count290
\FV@StepNumber=\count291
\FV@OutFile=\write3
) (C:\RStudio\resources\MikTex\tex/latex/framed\framed.sty
Package: framed 2011/10/22 v 0.96: framed or shaded text with page breaks
\OuterFrameSep=\skip53
\fb@frw=\dimen160
\fb@frh=\dimen161
\FrameRule=\dimen162
\FrameSep=\dimen163
) (C:\RStudio\resources\MikTex\tex/latex/graphics\graphicx.sty
Package: graphicx 2017/06/01 v1.1a Enhanced LaTeX Graphics (DPC,SPQR)
(C:\RStudio\resources\MikTex\tex/latex/graphics\graphics.sty
Package: graphics 2017/06/25 v1.2c Standard LaTeX Graphics (DPC,SPQR)
(C:\RStudio\resources\MikTex\tex/latex/graphics\trig.sty
Package: trig 2016/01/03 v1.10 sin cos tan (DPC)
) (C:\RStudio\resources\MikTex\tex/latex/graphics-cfg\graphics.cfg
File: graphics.cfg 2016/06/04 v1.11 sample graphics configuration
)
Package graphics Info: Driver file: xetex.def on input line 99.
)
\Gin@req@height=\dimen164
\Gin@req@width=\dimen165
) (C:\RStudio\resources\MikTex\tex/latex/oberdiek\grffile.sty
Package: grffile 2017/06/30 v1.18 Extended file name support for graphics (HO)
Package grffile Info: Option `multidot' is set to `true'.
Package grffile Info: Option `extendedchars' is set to `false'.
Package grffile Info: Option `space' is set to `true'.
Package grffile Info: \Gin@ii of package `graphicx' fixed on input line 494.
) (C:\RStudio\resources\MikTex\tex/latex/parskip\parskip.sty
Package: parskip 2019-01-16 v2.0c non-zero parskip adjustments
) (C:\RStudio\resources\MikTex\tex/latex/titling\titling.sty
Package: titling 2009/09/04 v2.1d maketitle typesetting
\thanksmarkwidth=\skip54
\thanksmargin=\skip55
\droptitle=\skip56
) (C:\RStudio\resources\MikTex\tex/latex/booktabs\booktabs.sty
Package: booktabs 2005/04/14 v1.61803 publication quality tables
\heavyrulewidth=\dimen166
\lightrulewidth=\dimen167
\cmidrulewidth=\dimen168
\belowrulesep=\dimen169
\belowbottomsep=\dimen170
\aboverulesep=\dimen171
\abovetopsep=\dimen172
\cmidrulesep=\dimen173
\cmidrulekern=\dimen174
\defaultaddspace=\dimen175
\@cmidla=\count292
\@cmidlb=\count293
\@aboverulesep=\dimen176
\@belowrulesep=\dimen177
\@thisruleclass=\count294
\@lastruleclass=\count295
\@thisrulewidth=\dimen178
) (C:\RStudio\resources\MikTex\tex/latex/tools\longtable.sty
Package: longtable 2014/10/28 v4.11 Multi-page Table package (DPC)+ FMi change
\LTleft=\skip57
\LTright=\skip58
\LTpre=\skip59
\LTpost=\skip60
\LTchunksize=\count296
\LTcapwidth=\dimen179
\LT@head=\box49
\LT@firsthead=\box50
\LT@foot=\box51
\LT@lastfoot=\box52
\LT@cols=\count297
\LT@rows=\count298
\c@LT@tables=\count299
\c@LT@chunks=\count300
\LT@p@ftn=\toks24
) (C:\RStudio\resources\MikTex\tex/latex/tools\array.sty
Package: array 2018/12/30 v2.4k Tabular extension package (FMi)
\col@sep=\dimen180
\ar@mcellbox=\box53
\extrarowheight=\dimen181
\NC@list=\toks25
\extratabsurround=\skip61
\backup@length=\skip62
\ar@cellbox=\box54
) (C:\RStudio\resources\MikTex\tex/latex/multirow\multirow.sty
Package: multirow 2019/01/01 v2.4 Span multiple rows of a table
\multirow@colwidth=\skip63
\multirow@cntb=\count301
\multirow@dima=\skip64
\bigstrutjot=\dimen182
) (C:\RStudio\resources\MikTex\tex/latex/wrapfig\wrapfig.sty
\wrapoverhang=\dimen183
\WF@size=\dimen184
\c@WF@wrappedlines=\count302
\WF@box=\box55
\WF@everypar=\toks26
Package: wrapfig 2003/01/31  v 3.6
) (C:\RStudio\resources\MikTex\tex/latex/float\float.sty
Package: float 2001/11/08 v1.3d Float enhancements (AL)
\c@float@type=\count303
\float@exts=\toks27
\float@box=\box56
\@float@everytoks=\toks28
\@floatcapt=\box57
) (C:\RStudio\resources\MikTex\tex/latex/colortbl\colortbl.sty
Package: colortbl 2018/12/12 v1.0d Color table columns (DPC)
\everycr=\toks29
\minrowclearance=\skip65
) (C:\RStudio\resources\MikTex\tex/latex/oberdiek\pdflscape.sty
Package: pdflscape 2016/05/14 v0.11 Display of landscape pages in PDF (HO)
(C:\RStudio\resources\MikTex\tex/latex/graphics\lscape.sty
Package: lscape 2000/10/22 v3.01 Landscape Pages (DPC)
)
Package pdflscape Info: Auto-detected driver: dvipdfm (xetex) on input line 99.

) (C:\RStudio\resources\MikTex\tex/latex/tabu\tabu.sty
Package: tabu 2019/01/11 v2.9 - flexible LaTeX tabulars (FC+tabu-fixed)
(C:\RStudio\resources\MikTex\tex/latex/varwidth\varwidth.sty
Package: varwidth 2009/03/30 ver 0.92;  Variable-width minipages
\@vwid@box=\box58
\sift@deathcycles=\count304
\@vwid@loff=\dimen185
\@vwid@roff=\dimen186
)
\c@taburow=\count305
\tabu@nbcols=\count306
\tabu@cnt=\count307
\tabu@Xcol=\count308
\tabu@alloc=\count309
\tabu@nested=\count310
\tabu@target=\dimen187
\tabu@spreadtarget=\dimen188
\tabu@naturalX=\dimen189
\tabucolX=\dimen190
\tabu@Xsum=\dimen191
\extrarowdepth=\dimen192
\abovetabulinesep=\dimen193
\belowtabulinesep=\dimen194
\tabustrutrule=\dimen195
\tabu@thebody=\toks30
\tabu@footnotes=\toks31
\tabu@box=\box59
\tabu@arstrutbox=\box60
\tabu@hleads=\box61
\tabu@vleads=\box62
\tabu@cellskip=\skip66
) (C:\RStudio\resources\MikTex\tex/latex/threeparttable\threeparttable.sty
Package: threeparttable 2003/06/13  v 3.0
\@tempboxb=\box63
) (C:\RStudio\resources\MikTex\tex/latex/threeparttablex\threeparttablex.sty
Package: threeparttablex 2013/07/23 v0.3 by daleif
(C:\RStudio\resources\MikTex\tex/latex/environ\environ.sty
Package: environ 2014/05/04 v0.3 A new way to define environments
(C:\RStudio\resources\MikTex\tex/latex/trimspaces\trimspaces.sty
Package: trimspaces 2009/09/17 v1.1 Trim spaces around a token list
))
\TPTL@width=\skip67
) (C:\RStudio\resources\MikTex\tex/latex/ulem\ulem.sty
\UL@box=\box64
\UL@hyphenbox=\box65
\UL@skip=\skip68
\UL@hook=\toks32
\UL@height=\dimen196
\UL@pe=\count311
\UL@pixel=\dimen197
\ULC@box=\box66
Package: ulem 2012/05/18
\ULdepth=\dimen198
) (C:\RStudio\resources\MikTex\tex/latex/makecell\makecell.sty
Package: makecell 2009/08/03 V0.1e Managing of Tab Column Heads and Cells
\rotheadsize=\dimen199
\c@nlinenum=\count312
\TeXr@lab=\toks33
) (C:\RStudio\resources\MikTex\tex/latex/xcolor\xcolor.sty
Package: xcolor 2016/05/11 v2.12 LaTeX color extensions (UK)
(C:\RStudio\resources\MikTex\tex/latex/graphics-cfg\color.cfg
File: color.cfg 2016/01/02 v1.6 sample color configuration
)
Package xcolor Info: Driver file: xetex.def on input line 225.
LaTeX Info: Redefining \color on input line 709.
Package xcolor Info: Model `cmy' substituted by `cmy0' on input line 1348.
Package xcolor Info: Model `RGB' extended on input line 1364.
Package xcolor Info: Model `HTML' substituted by `rgb' on input line 1366.
Package xcolor Info: Model `Hsb' substituted by `hsb' on input line 1367.
Package xcolor Info: Model `tHsb' substituted by `hsb' on input line 1368.
Package xcolor Info: Model `HSB' substituted by `hsb' on input line 1369.
Package xcolor Info: Model `Gray' substituted by `gray' on input line 1370.
Package xcolor Info: Model `wave' substituted by `hsb' on input line 1371.
) (C:\RStudio\resources\MikTex\tex/latex/was\upgreek.sty
Package: upgreek 2003/02/12 v2.0 (WaS)
Package upgreek Info: Using Euler Roman for upright Greek on input line 31.
\symugrf@m=\mathgroup6
LaTeX Font Info:    Overwriting symbol font `ugrf@m' in version `bold'
(Font)                  U/eur/m/n --> U/eur/b/n on input line 38.
) (C:\RStudio\resources\MikTex\tex/latex/easy\easybmat.sty
Document Style `easybmat' v1.0 <2001/06/13>.
(C:\RStudio\resources\MikTex\tex/latex/easy\easy.sty
Document Style `easy' v1.1 <2001/05/31>.
Package: easy 2001/05/31 v1.1
\@easy@level=\count313
\@easy@ncol=\count314
\@easy@nrow=\count315
\@easy@cnt=\count316
\@easy@boxviii=\box67
\@easy@minxviii=\dimen256
\@easy@minyviii=\dimen257
\@easy@maxxviii=\dimen258
\@easy@maxyviii=\dimen259
\@easy@boxvii=\box68
\@easy@minxvii=\dimen260
\@easy@minyvii=\dimen261
\@easy@maxxvii=\dimen262
\@easy@maxyvii=\dimen263
\@easy@boxvi=\box69
\@easy@minxvi=\dimen264
\@easy@minyvi=\dimen265
\@easy@maxxvi=\dimen266
\@easy@maxyvi=\dimen267
\@easy@boxv=\box70
\@easy@minxv=\dimen268
\@easy@minyv=\dimen269
\@easy@maxxv=\dimen270
\@easy@maxyv=\dimen271
\@easy@boxiv=\box71
\@easy@minxiv=\dimen272
\@easy@minyiv=\dimen273
\@easy@maxxiv=\dimen274
\@easy@maxyiv=\dimen275
\@easy@boxiii=\box72
\@easy@minxiii=\dimen276
\@easy@minyiii=\dimen277
\@easy@maxxiii=\dimen278
\@easy@maxyiii=\dimen279
\@easy@boxii=\box73
\@easy@minxii=\dimen280
\@easy@minyii=\dimen281
\@easy@maxxii=\dimen282
\@easy@maxyii=\dimen283
\@easy@boxi=\box74
\@easy@minxi=\dimen284
\@easy@minyi=\dimen285
\@easy@maxxi=\dimen286
\@easy@maxyi=\dimen287
\@easy@hsizexxx=\dimen288
\@easy@vsizexxx=\dimen289
\@easy@hsizexxix=\dimen290
\@easy@vsizexxix=\dimen291
\@easy@hsizexxviii=\dimen292
\@easy@vsizexxviii=\dimen293
\@easy@hsizexxvii=\dimen294
\@easy@vsizexxvii=\dimen295
\@easy@hsizexxvi=\dimen296
\@easy@vsizexxvi=\dimen297
\@easy@hsizexxv=\dimen298
\@easy@vsizexxv=\dimen299
\@easy@hsizexxiv=\dimen300
\@easy@vsizexxiv=\dimen301
\@easy@hsizexxiii=\dimen302
\@easy@vsizexxiii=\dimen303
\@easy@hsizexxii=\dimen304
\@easy@vsizexxii=\dimen305
\@easy@hsizexxi=\dimen306
\@easy@vsizexxi=\dimen307
\@easy@hsizexx=\dimen308
\@easy@vsizexx=\dimen309
\@easy@hsizexix=\dimen310
\@easy@vsizexix=\dimen311
\@easy@hsizexviii=\dimen312
\@easy@vsizexviii=\dimen313
\@easy@hsizexvii=\dimen314
\@easy@vsizexvii=\dimen315
\@easy@hsizexvi=\dimen316
\@easy@vsizexvi=\dimen317
\@easy@hsizexv=\dimen318
\@easy@vsizexv=\dimen319
\@easy@hsizexiv=\dimen320
\@easy@vsizexiv=\dimen321
\@easy@hsizexiii=\dimen322
\@easy@vsizexiii=\dimen323
\@easy@hsizexii=\dimen324
\@easy@vsizexii=\dimen325
\@easy@hsizexi=\dimen326
\@easy@vsizexi=\dimen327
\@easy@hsizex=\dimen328
\@easy@vsizex=\dimen329
\@easy@hsizeix=\dimen330
\@easy@vsizeix=\dimen331
\@easy@hsizeviii=\dimen332
\@easy@vsizeviii=\dimen333
\@easy@hsizevii=\dimen334
\@easy@vsizevii=\dimen335
\@easy@hsizevi=\dimen336
\@easy@vsizevi=\dimen337
\@easy@hsizev=\dimen338
\@easy@vsizev=\dimen339
\@easy@hsizeiv=\dimen340
\@easy@vsizeiv=\dimen341
\@easy@hsizeiii=\dimen342
\@easy@vsizeiii=\dimen343
\@easy@hsizeii=\dimen344
\@easy@vsizeii=\dimen345
\@easy@hsizei=\dimen346
\@easy@vsizei=\dimen347
\@easy@dash@len=\dimen348
\@easy@dash@sep=\dimen349
)
Package: easybmat 2001/05/31 v1.1
\@bmat@size@rule=\dimen350
\@bmat@size@dash=\dimen351
) (C:\RStudio\resources\MikTex\tex/latex/fancyhdr\fancyhdr.sty
Package: fancyhdr 2019/01/31 v3.10 Extensive control of page headers and footer
s
\f@nch@headwidth=\skip69
\f@nch@O@elh=\skip70
\f@nch@O@erh=\skip71
\f@nch@O@olh=\skip72
\f@nch@O@orh=\skip73
\f@nch@O@elf=\skip74
\f@nch@O@erf=\skip75
\f@nch@O@olf=\skip76
\f@nch@O@orf=\skip77
) (C:\RStudio\resources\MikTex\tex/generic/babel\babel.sty
Package: babel 2019/04/22 3.30 The Babel package
(C:\RStudio\resources\MikTex\tex/generic/babel\switch.def
File: switch.def 2019/04/22 3.30 Babel switching mechanism
)
*************************************
* Local config file bblopts.cfg used
*
(C:\RStudio\resources\MikTex\tex/latex/arabi\bblopts.cfg
File: bblopts.cfg 2005/09/08 v0.1 add Arabic and Farsi to "declared" options of
 babel
) (C:\RStudio\resources\MikTex\tex/generic/babel-french\frenchb.ldf
Language: frenchb 2019/03/30 v3.5e French support from the babel system

Package babel-french Warning: Option `frenchb' for Babel is *deprecated*,
(babel-french)                it might be removed sooner or later. Please
(babel-french)                use `french' instead; reported on input line 35.

(C:\RStudio\resources\MikTex\tex/generic/babel-french\french.ldf
Language: french 2019/03/30 v3.5e French support from the babel system
(C:\RStudio\resources\MikTex\tex/generic/babel\babel.def
File: babel.def 2019/04/22 3.30 Babel common definitions
\babel@savecnt=\count317
\U@D=\dimen352
(C:\RStudio\resources\MikTex\tex/generic/babel\xebabel.def (C:\RStudio\resource
s\MikTex\tex/generic/babel\txtbabel.def))
\bbl@dirlevel=\count318
)
\l@acadian = a dialect from \language\l@french 
\FB@nonchar=\count319
Package french.ldf Info: No need for active punctuation characters
(french.ldf)             with this version of XeTeX!
(french.ldf)             reported on input line 326.
\FB@punctthick=\XeTeXcharclass1
\FB@punctthin=\XeTeXcharclass2
\FB@punctnul=\XeTeXcharclass3
\FB@guilo=\XeTeXcharclass4
\FB@guilf=\XeTeXcharclass5
\FB@guilnul=\XeTeXcharclass6
\FBguill@level=\count320
\FBold@everypar=\toks34
\FB@Mht=\dimen353
LaTeX Info: Redefining \degres on input line 777.
\mc@charclass=\count321
\mc@charfam=\count322
\mc@charslot=\count323
\std@mcc=\count324
\dec@mcc=\count325
\c@FBcaption@count=\count326
\listindentFB=\dimen354
\descindentFB=\dimen355
\labelindentFB=\dimen356
\labelwidthFB=\dimen357
\leftmarginFB=\dimen358
\parindentFFN=\dimen359
\FBfnindent=\dimen360
))) (C:\RStudio\resources\MikTex\tex/latex/carlisle\scalefnt.sty) (C:\RStudio\r
esources\MikTex\tex/latex/amscls\amsthm.sty
Package: amsthm 2017/10/31 v2.20.4
\thm@style=\toks35
\thm@bodyfont=\toks36
\thm@headfont=\toks37
\thm@notefont=\toks38
\thm@headpunct=\toks39
\thm@preskip=\skip78
\thm@postskip=\skip79
\thm@headsep=\skip80
\dth@everypar=\toks40
) (C:\RStudio\resources\MikTex\tex/latex/caption\caption.sty
Package: caption 2018/10/06 v3.3-154 Customizing captions (AR)
(C:\RStudio\resources\MikTex\tex/latex/caption\caption3.sty
Package: caption3 2018/09/12 v1.8c caption3 kernel (AR)
Package caption3 Info: TeX engine: e-TeX on input line 64.
\captionmargin=\dimen361
\captionmargin@=\dimen362
\captionwidth=\dimen363
\caption@tempdima=\dimen364
\caption@indent=\dimen365
\caption@parindent=\dimen366
\caption@hangindent=\dimen367
)
\c@caption@flags=\count327
\c@ContinuedFloat=\count328
Package caption Info: float package is loaded.
Package caption Info: hyperref package is loaded.
Package caption Info: longtable package is loaded.
(C:\RStudio\resources\MikTex\tex/latex/caption\ltcaption.sty
Package: ltcaption 2018/08/26 v1.4-95 longtable captions (AR)
)
Package caption Info: threeparttable package is loaded.
Package caption Info: wrapfig package is loaded.
) (C:\RStudio\resources\MikTex\tex/latex/enumitem\enumitem.sty
Package: enumitem 2019/02/04 v3.8 Customized lists
\enitkv@toks@=\toks41
\labelindent=\skip81
\enit@outerparindent=\dimen368
\enit@toks=\toks42
\enit@inbox=\box75
\enit@count@id=\count329
\enitdp@description=\count330
) (C:\RStudio\resources\MikTex\tex/latex/doublestroke\dsfont.sty
Package: dsfont 1995/08/01 v0.1 Double stroke roman fonts
) (C:\RStudio\resources\MikTex\tex/latex/bbm\bbm.sty
Package: bbm 1999/03/15 V 1.2 provides fonts for set symbols - TH
LaTeX Font Info:    Overwriting math alphabet `\mathbbm' in version `bold'
(Font)                  U/bbm/m/n --> U/bbm/bx/n on input line 33.
LaTeX Font Info:    Overwriting math alphabet `\mathbbmss' in version `bold'
(Font)                  U/bbmss/m/n --> U/bbmss/bx/n on input line 35.
) (C:\RStudio\resources\MikTex\tex/latex/answers\answers.sty
Package: answers 2014/08/24 v2.16 Production of solution sheets in LaTeX2e
(C:\RStudio\resources\MikTex\tex/latex/tools\verbatim.sty
Package: verbatim 2014/10/28 v1.5q LaTeX2e package for verbatim enhancements
\every@verbatim=\toks43
\verbatim@line=\toks44
\verbatim@in@stream=\read3
)) (C:\RStudio\resources\MikTex\tex/latex/xassoccnt\xassoccnt.sty
Package: xassoccnt 2018/12/28 - v1.7
(C:\RStudio\resources\MikTex\tex/latex/l3packages/l3keys2e\l3keys2e.sty
Package: l3keys2e 2019-03-05 LaTeX2e option processing using LaTeX3 keys
)
\g__xassoccnt_tmpa_int=\count331
\l__xassoccnt_tmpa_int=\count332
\l__xassoccnt_initialcountervalue_int=\count333
\g__xassoccnt_lastcountervalue_int=\count334
\g__xassoccnt_backupcalls_int=\count335
\l__xassoccnt_backuptmpa_int=\count336
\l_xassoccnt_resetlist_counter=\count337
)
Package xassoccnt Info: 2018/12/28-v1.7--steppingcounterssimultaneouslyandother
features on input line 157.
(Report.aux)
\openout1 = `Report.aux'.

LaTeX Font Info:    Checking defaults for OML/cmm/m/it on input line 158.
LaTeX Font Info:    ... okay on input line 158.
LaTeX Font Info:    Checking defaults for T1/cmr/m/n on input line 158.
LaTeX Font Info:    ... okay on input line 158.
LaTeX Font Info:    Checking defaults for OT1/cmr/m/n on input line 158.
LaTeX Font Info:    ... okay on input line 158.
LaTeX Font Info:    Checking defaults for OMS/cmsy/m/n on input line 158.
LaTeX Font Info:    ... okay on input line 158.
LaTeX Font Info:    Checking defaults for TU/lmr/m/n on input line 158.
LaTeX Font Info:    ... okay on input line 158.
LaTeX Font Info:    Checking defaults for OMX/cmex/m/n on input line 158.
LaTeX Font Info:    ... okay on input line 158.
LaTeX Font Info:    Checking defaults for U/cmr/m/n on input line 158.
LaTeX Font Info:    ... okay on input line 158.
LaTeX Font Info:    Checking defaults for TS1/cmr/m/n on input line 158.
LaTeX Font Info:    Try loading font information for TS1+cmr on input line 158.

(C:\RStudio\resources\MikTex\tex/latex/base\ts1cmr.fd
File: ts1cmr.fd 2014/09/29 v2.5h Standard LaTeX font definitions
)
LaTeX Font Info:    ... okay on input line 158.
LaTeX Font Info:    Checking defaults for PD1/pdf/m/n on input line 158.
LaTeX Font Info:    ... okay on input line 158.
LaTeX Font Info:    Checking defaults for PU/pdf/m/n on input line 158.
LaTeX Font Info:    ... okay on input line 158.
LaTeX Info: Redefining \microtypecontext on input line 158.
Package microtype Info: Character protrusion enabled (level 2).
Package microtype Info: Using protrusion set `basicmath'.
Package microtype Info: No adjustment of tracking.
Package microtype Info: No adjustment of spacing.
Package microtype Info: No adjustment of kerning.
(C:\RStudio\resources\MikTex\tex/latex/microtype\mt-LatinModernRoman.cfg
File: mt-LatinModernRoman.cfg 2013/03/13 v1.0 microtype config. file: Latin Mod
ern Roman (RS)
)
*geometry* detected driver: pdftex
*geometry* verbose mode - [ preamble ] result:
* driver: pdftex
* paper: <default>
* layout: <same size as paper>
* layoutoffset:(h,v)=(0.0pt,0.0pt)
* modes: 
* h-part:(L,W,R)=(39.83368pt, 534.62764pt, 39.83368pt)
* v-part:(T,H,B)=(42.67912pt, 738.0645pt, 14.22636pt)
* \paperwidth=614.295pt
* \paperheight=794.96999pt
* \textwidth=534.62764pt
* \textheight=738.0645pt
* \oddsidemargin=-32.43631pt
* \evensidemargin=-32.43631pt
* \topmargin=-66.59087pt
* \headheight=12.0pt
* \headsep=25.0pt
* \topskip=10.0pt
* \footskip=30.0pt
* \marginparwidth=65.0pt
* \marginparsep=11.0pt
* \columnsep=10.0pt
* \skip\footins=9.0pt plus 4.0pt minus 2.0pt
* \hoffset=0.0pt
* \voffset=0.0pt
* \mag=1000
* \@twocolumnfalse
* \@twosidefalse
* \@mparswitchfalse
* \@reversemarginfalse
* (1in=72.27pt=25.4mm, 1cm=28.453pt)

\AtBeginShipoutBox=\box76
Package hyperref Info: Link coloring OFF on input line 158.
(C:\RStudio\resources\MikTex\tex/latex/hyperref\nameref.sty
Package: nameref 2016/05/21 v2.44 Cross-referencing by name of section
(C:\RStudio\resources\MikTex\tex/generic/oberdiek\gettitlestring.sty
Package: gettitlestring 2016/05/16 v1.5 Cleanup title references (HO)
)
\c@section@level=\count338
)
LaTeX Info: Redefining \ref on input line 158.
LaTeX Info: Redefining \pageref on input line 158.
LaTeX Info: Redefining \nameref on input line 158.
(Report.out) (Report.out)
\@outlinefile=\write4
\openout4 = `Report.out'.

LaTeX Info: Redefining \dots on input line 158.
Package french.ldf Info: Setting StandardItemizeEnv=true for
(french.ldf)             compatibility with enumitem package,
(french.ldf)             reported on input line 158.
Package french.ldf Info: Setting StandardEnumerateEnv=true for
(french.ldf)             compatibility with enumitem package,
(french.ldf)             reported on input line 158.
LaTeX Info: Redefining \up on input line 158.
Package caption Info: Begin \AtBeginDocument code.
Package caption Info: End \AtBeginDocument code.
\c@prop=\count339
\c@defn=\count340
\c@dem=\count341
\c@thm=\count342
File: Illustrations/foret.jpg Graphic file (type bmp)
<Illustrations/foret.jpg>
File: Illustrations/logo_UM.jpg Graphic file (type bmp)
<Illustrations/logo_UM.jpg>
File: Illustrations/logo-AMAP.png Graphic file (type bmp)
<Illustrations/logo-AMAP.png>
File: Illustrations/titre-long.png Graphic file (type bmp)
<Illustrations/titre-long.png>
File: Illustrations/Logo-Cirad.png Graphic file (type bmp)
<Illustrations/Logo-Cirad.png>
[1

] [2] (Report.toc
LaTeX Font Info:    Try loading font information for OT1+lmr on input line 4.
(C:\RStudio\resources\MikTex\tex/latex/lm\ot1lmr.fd
File: ot1lmr.fd 2009/10/30 v1.6 Font defs for Latin Modern
)
Package microtype Info: Loading generic protrusion settings for font family
(microtype)             `lmr' (encoding: OT1).
(microtype)             For optimal results, create family-specific settings.
(microtype)             See the microtype manual for details.
LaTeX Font Info:    Try loading font information for OML+lmm on input line 4.
(C:\RStudio\resources\MikTex\tex/latex/lm\omllmm.fd
File: omllmm.fd 2009/10/30 v1.6 Font defs for Latin Modern
)
LaTeX Font Info:    Try loading font information for OMS+lmsy on input line 4.
(C:\RStudio\resources\MikTex\tex/latex/lm\omslmsy.fd
File: omslmsy.fd 2009/10/30 v1.6 Font defs for Latin Modern
)
LaTeX Font Info:    Try loading font information for OMX+lmex on input line 4.
(C:\RStudio\resources\MikTex\tex/latex/lm\omxlmex.fd
File: omxlmex.fd 2009/10/30 v1.6 Font defs for Latin Modern
)
LaTeX Font Info:    External font `lmex10' loaded for size
(Font)              <10> on input line 4.
LaTeX Font Info:    External font `lmex10' loaded for size
(Font)              <7> on input line 4.
LaTeX Font Info:    External font `lmex10' loaded for size
(Font)              <5> on input line 4.
LaTeX Font Info:    Try loading font information for U+msa on input line 4.
(C:\RStudio\resources\MikTex\tex/latex/amsfonts\umsa.fd
File: umsa.fd 2013/01/14 v3.01 AMS symbols A
) (C:\RStudio\resources\MikTex\tex/latex/microtype\mt-msa.cfg
File: mt-msa.cfg 2006/02/04 v1.1 microtype config. file: AMS symbols (a) (RS)
)
LaTeX Font Info:    Try loading font information for U+msb on input line 4.
(C:\RStudio\resources\MikTex\tex/latex/amsfonts\umsb.fd
File: umsb.fd 2013/01/14 v3.01 AMS symbols B
) (C:\RStudio\resources\MikTex\tex/latex/microtype\mt-msb.cfg
File: mt-msb.cfg 2005/06/01 v1.0 microtype config. file: AMS symbols (b) (RS)
) (C:\RStudio\resources\MikTex\tex/latex/microtype\mt-eur.cfg
File: mt-eur.cfg 2006/07/31 v1.1 microtype config. file: AMS Euler Roman (RS)
))
\tf@toc=\write5
\openout5 = `Report.toc'.

[3] (Report.lof)
\tf@lof=\write6
\openout6 = `Report.lof'.

(Report.lot)
\tf@lot=\write7
\openout7 = `Report.lot'.

[4] [1] [2]
Overfull \hbox (93.47905pt too wide) in paragraph at lines 477--478
[][]\TU/lmr/bx/n/10 Proposition 2.2.1.1 \TU/lmr/m/n/10 (Modèle probit par l’int
ermédiaire d’une variable latente)\TU/lmr/bx/n/10 . []               
 []

[3]

LaTeX Font Warning: Command \small invalid in math mode on input line 566.


LaTeX Font Warning: Command \small invalid in math mode on input line 566.

[4] [5] [6]
Missing character: There is no − in font rm-lmr7!
Missing character: There is no − in font rm-lmr7!
Missing character: There is no − in font rm-lmr10!
Missing character: There is no − in font rm-lmr7!
Missing character: There is no − in font rm-lmr7!
Missing character: There is no − in font rm-lmr7!
Missing character: There is no − in font rm-lmr7!
Missing character: There is no − in font rm-lmr10!
Missing character: There is no − in font rm-lmr7!
Missing character: There is no − in font rm-lmr7!
Missing character: There is no − in font rm-lmr7!
Missing character: There is no − in font rm-lmr10!
[7]
Underfull \hbox (badness 10000) in paragraph at lines 788--790

 []

[8]
Underfull \hbox (badness 10000) in paragraph at lines 854--859

 []

[9]

LaTeX Font Warning: Command \small invalid in math mode on input line 902.


LaTeX Font Warning: Command \small invalid in math mode on input line 902.


LaTeX Font Warning: Command \small invalid in math mode on input line 902.


LaTeX Font Warning: Command \small invalid in math mode on input line 902.


LaTeX Font Warning: Command \small invalid in math mode on input line 902.


LaTeX Font Warning: Command \small invalid in math mode on input line 902.


Overfull \hbox (30.4029pt too wide) detected at line 902
\OML/lmm/m/it/10 ^^M \OT1/lmr/m/n/10 = \OML/lmm/m/it/10 min [] :
 []


LaTeX Font Warning: Command \small invalid in math mode on input line 905.


LaTeX Font Warning: Command \small invalid in math mode on input line 905.


LaTeX Font Warning: Command \small invalid in math mode on input line 905.


LaTeX Font Warning: Command \small invalid in math mode on input line 905.


LaTeX Font Warning: Command \small invalid in math mode on input line 905.


LaTeX Font Warning: Command \small invalid in math mode on input line 905.


Overfull \hbox (37.48988pt too wide) detected at line 905
\OML/lmm/m/it/10 ^^M \OT1/lmr/m/n/10 = \OML/lmm/m/it/10 min [] :
 []

[10]
Overfull \hbox (109.15205pt too wide) in paragraph at lines 943--961
[]$[]$ $[]$ 
 []


LaTeX Font Warning: Font shape `TU/lmr/bx/sc' undefined
(Font)              using `TU/lmr/bx/n' instead on input line 984.

LaTeX Font Info:    External font `lmex10' loaded for size
(Font)              <9> on input line 984.
LaTeX Font Info:    External font `lmex10' loaded for size
(Font)              <6> on input line 984.
File: Illustrations/probit_site_effect.png Graphic file (type bmp)
<Illustrations/probit_site_effect.png>
File: Illustrations/probit_W.png Graphic file (type bmp)
<Illustrations/probit_W.png>
File: Illustrations/probit_sp_effect.png Graphic file (type bmp)
<Illustrations/probit_sp_effect.png>
[11]
File: Illustrations/probit_proba.png Graphic file (type bmp)
<Illustrations/probit_proba.png>
File: Illustrations/logit_site_effect.png Graphic file (type bmp)
<Illustrations/logit_site_effect.png>
[12]
File: Illustrations/logit_W.png Graphic file (type bmp)
<Illustrations/logit_W.png>
File: Illustrations/logit_sp_effect.png Graphic file (type bmp)
<Illustrations/logit_sp_effect.png>
File: Illustrations/logit_proba.png Graphic file (type bmp)
<Illustrations/logit_proba.png>
[13]
Underfull \hbox (badness 6691) in paragraph at lines 1036--1036
\TU/lmr/m/sl/9 On ajuste le modèle nul avec la fonction jSDM_binomial() du pack
age jSDM pour le modèle logit et avec
 []

[14] [15] [16]
File: Illustrations/jSDM-boral-simulation-1.pdf Graphic file (type pdf)
<use Illustrations/jSDM-boral-simulation-1.pdf>
File: Illustrations/jSDM-boral-simulation-2.pdf Graphic file (type pdf)
<use Illustrations/jSDM-boral-simulation-2.pdf>
File: Illustrations/jSDM-boral-simulation-3.pdf Graphic file (type pdf)
<use Illustrations/jSDM-boral-simulation-3.pdf>
File: Illustrations/jSDM-boral-simulation-4.pdf Graphic file (type pdf)
<use Illustrations/jSDM-boral-simulation-4.pdf>
File: Illustrations/jSDM-boral-simulation-5.pdf Graphic file (type pdf)
<use Illustrations/jSDM-boral-simulation-5.pdf>
File: Illustrations/jSDM-boral-mosquito-1.pdf Graphic file (type pdf)
<use Illustrations/jSDM-boral-mosquito-1.pdf>
File: Illustrations/jSDM-boral-mosquito-2.pdf Graphic file (type pdf)
<use Illustrations/jSDM-boral-mosquito-2.pdf>
File: Illustrations/jSDM-boral-mosquito-3.pdf Graphic file (type pdf)
<use Illustrations/jSDM-boral-mosquito-3.pdf>
File: Illustrations/jSDM-boral-mosquito-4.pdf Graphic file (type pdf)
<use Illustrations/jSDM-boral-mosquito-4.pdf>
File: Illustrations/jSDM-boral-mosquito-5.pdf Graphic file (type pdf)
<use Illustrations/jSDM-boral-mosquito-5.pdf>
[17]
File: Illustrations/jSDM-boral-Eucalypts-1.pdf Graphic file (type pdf)
<use Illustrations/jSDM-boral-Eucalypts-1.pdf>
File: Illustrations/jSDM-boral-Eucalypts-2.pdf Graphic file (type pdf)
<use Illustrations/jSDM-boral-Eucalypts-2.pdf>
File: Illustrations/jSDM-boral-Eucalypts-3.pdf Graphic file (type pdf)
<use Illustrations/jSDM-boral-Eucalypts-3.pdf>
File: Illustrations/jSDM-boral-Eucalypts-4.pdf Graphic file (type pdf)
<use Illustrations/jSDM-boral-Eucalypts-4.pdf>
File: Illustrations/jSDM-boral-Eucalypts-5.pdf Graphic file (type pdf)
<use Illustrations/jSDM-boral-Eucalypts-5.pdf>
[18]
File: Illustrations/jSDM-boral-frogs-1.pdf Graphic file (type pdf)
<use Illustrations/jSDM-boral-frogs-1.pdf>
File: Illustrations/jSDM-boral-frogs-2.pdf Graphic file (type pdf)
<use Illustrations/jSDM-boral-frogs-2.pdf>
File: Illustrations/jSDM-boral-frogs-3.pdf Graphic file (type pdf)
<use Illustrations/jSDM-boral-frogs-3.pdf>
File: Illustrations/jSDM-boral-frogs-4.pdf Graphic file (type pdf)
<use Illustrations/jSDM-boral-frogs-4.pdf>
File: Illustrations/jSDM-boral-frogs-5.pdf Graphic file (type pdf)
<use Illustrations/jSDM-boral-frogs-5.pdf>
[19]
File: Illustrations/jSDM-boral-fungi-1.pdf Graphic file (type pdf)
<use Illustrations/jSDM-boral-fungi-1.pdf>
File: Illustrations/jSDM-boral-fungi-2.pdf Graphic file (type pdf)
<use Illustrations/jSDM-boral-fungi-2.pdf>
File: Illustrations/jSDM-boral-fungi-3.pdf Graphic file (type pdf)
<use Illustrations/jSDM-boral-fungi-3.pdf>
File: Illustrations/jSDM-boral-fungi-4.pdf Graphic file (type pdf)
<use Illustrations/jSDM-boral-fungi-4.pdf>
File: Illustrations/jSDM-boral-fungi-5.pdf Graphic file (type pdf)
<use Illustrations/jSDM-boral-fungi-5.pdf>
[20] [21] [22] [23]
File: Illustrations/mada_deviance.jpeg Graphic file (type bmp)
<Illustrations/mada_deviance.jpeg>
File: Illustrations/mada_beta1_sp2.jpeg Graphic file (type bmp)
<Illustrations/mada_beta1_sp2.jpeg>
File: Illustrations/mada_beta2_sp2.jpeg Graphic file (type bmp)
<Illustrations/mada_beta2_sp2.jpeg>
File: Illustrations/mada_beta3_sp2.jpeg Graphic file (type bmp)
<Illustrations/mada_beta3_sp2.jpeg>
File: Illustrations/mada_lambda_sp1.jpeg Graphic file (type bmp)
<Illustrations/mada_lambda_sp1.jpeg>
File: Illustrations/mada_lambda_sp2.jpeg Graphic file (type bmp)
<Illustrations/mada_lambda_sp2.jpeg>
[24] [25]
File: Illustrations/mada_W.jpeg Graphic file (type bmp)
<Illustrations/mada_W.jpeg>
File: Illustrations/mada_rand_site.jpeg Graphic file (type bmp)
<Illustrations/mada_rand_site.jpeg>
File: Illustrations/mada_Valpha.jpeg Graphic file (type bmp)
<Illustrations/mada_Valpha.jpeg>
[26] [27]
File: Illustrations/mada_mat_corr_50.png Graphic file (type bmp)
<Illustrations/mada_mat_corr_50.png>
File: Illustrations/mada_W1.png Graphic file (type bmp)
<Illustrations/mada_W1.png>
File: Illustrations/mada_W2.png Graphic file (type bmp)
<Illustrations/mada_W2.png>
File: Illustrations/mada_site_effect.png Graphic file (type bmp)
<Illustrations/mada_site_effect.png>
[28]
File: Illustrations/mada_proba_sp1.png Graphic file (type bmp)
<Illustrations/mada_proba_sp1.png>
File: Illustrations/mada_presence_sp1_obs.png Graphic file (type bmp)
<Illustrations/mada_presence_sp1_obs.png>

Overfull \hbox (2.21999pt too wide) in paragraph at lines 1404--1416
[]$[]$ $[]$ 
 []

[29]
Underfull \hbox (badness 10000) in paragraph at lines 1422--1425

 []

File: Illustrations/mada_species_richness.png Graphic file (type bmp)
<Illustrations/mada_species_richness.png>
File: Illustrations/mada_species_richness_obs.png Graphic file (type bmp)
<Illustrations/mada_species_richness_obs.png>
File: Illustrations/mada_species_richness_obs_fit.png Graphic file (type bmp)
<Illustrations/mada_species_richness_obs_fit.png>

Overfull \hbox (2.21999pt too wide) in paragraph at lines 1426--1441
[]$[]$ $[]$ 
 []

[30] [31]
File: Illustrations/comparaison_site_effect.png Graphic file (type bmp)
<Illustrations/comparaison_site_effect.png>
[32]
File: Illustrations/mada_W_OK.png Graphic file (type bmp)
<Illustrations/mada_W_OK.png>
File: Illustrations/mada_proba_OK.png Graphic file (type bmp)
<Illustrations/mada_proba_OK.png>
[33]
File: Illustrations/mada_species_richness_OK.png Graphic file (type bmp)
<Illustrations/mada_species_richness_OK.png>
File: Illustrations/mada_species_richness_OK_forest.png Graphic file (type bmp)

<Illustrations/mada_species_richness_OK_forest.png>
[34]
LaTeX Font Info:    External font `lmex10' loaded for size
(Font)              <12> on input line 1578.
LaTeX Font Info:    External font `lmex10' loaded for size
(Font)              <8> on input line 1578.
File: Illustrations/mada_div_beta.png Graphic file (type bmp)
<Illustrations/mada_div_beta.png>
File: Illustrations/mada_div_beta_forest.png Graphic file (type bmp)
<Illustrations/mada_div_beta_forest.png>
[35] [36] [37]

Package xcolor Warning: Incompatible color definition on input line 1822.

LaTeX Font Info:    Font shape `TU/lmtt/bx/n' in size <10> not available
(Font)              Font shape `TU/lmtt/b/n' tried instead on input line 1832.

Package xcolor Warning: Incompatible color definition on input line 2040.


Package xcolor Warning: Incompatible color definition on input line 2040.


Underfull \vbox (badness 5050) detected at line 2040
 []


Package xcolor Warning: Incompatible color definition on input line 2040.

[38]

Package xcolor Warning: Incompatible color definition on input line 2040.


Package xcolor Warning: Incompatible color definition on input line 2040.


Underfull \vbox (badness 10000) detected at line 2040
 []


Overfull \vbox (1.16548pt too high) detected at line 2040
 []


Package xcolor Warning: Incompatible color definition on input line 2040.

[39]

Package xcolor Warning: Incompatible color definition on input line 2040.


Package xcolor Warning: Incompatible color definition on input line 2040.


Underfull \vbox (badness 10000) detected at line 2040
 []


Underfull \vbox (badness 10000) detected at line 2040
 []


Package xcolor Warning: Incompatible color definition on input line 2040.

[40]

Package xcolor Warning: Incompatible color definition on input line 2040.


Package xcolor Warning: Incompatible color definition on input line 2040.


Underfull \vbox (badness 10000) detected at line 2040
 []


Overfull \vbox (1.15549pt too high) detected at line 2040
 []


Package xcolor Warning: Incompatible color definition on input line 2040.

[41]

Package xcolor Warning: Incompatible color definition on input line 2040.


Package xcolor Warning: Incompatible color definition on input line 2040.


Underfull \vbox (badness 10000) detected at line 2040
 []


Overfull \vbox (1.09549pt too high) detected at line 2040
 []


Package xcolor Warning: Incompatible color definition on input line 2040.

[42]

Package xcolor Warning: Incompatible color definition on input line 2040.


Package xcolor Warning: Incompatible color definition on input line 2040.

Package atveryend Info: Empty hook `BeforeClearDocument' on input line 2043.
[43]
Package atveryend Info: Empty hook `AfterLastShipout' on input line 2043.
(Report.aux)
Package atveryend Info: Empty hook `AtVeryEndDocument' on input line 2043.
Package atveryend Info: Executing hook `AtEndAfterFileList' on input line 2043.

Package rerunfilecheck Info: File `Report.out' has not changed.
(rerunfilecheck)             Checksum: F180912296E9F56A95155264FDF0556D.

LaTeX Font Warning: Some font shapes were not available, defaults substituted.

 ) 
Here is how much of TeX's memory you used:
 30678 strings out of 427667
 566963 string characters out of 3149150
 739630 words of memory out of 3000000
 34295 multiletter control sequences out of 15000+200000
 563274 words of font info for 92 fonts, out of 3000000 for 9000
 1348 hyphenation exceptions out of 8191
 53i,23n,92p,805b,577s stack positions out of 5000i,500n,10000p,200000b,50000s

Output written on Report.pdf (47 pages).
